<?xml version="1.0" encoding="UTF-8"?>
<!-- Generated by org.testng.reporters.JUnitReportReporter -->
<testsuite skipped="0" hostname="Shwetha" name="Registration.ASP_reg" tests="1" failures="0" timestamp="23 Aug 2018 08:03:25 GMT" time="47.591" errors="0">
  <testcase name="aspreg" time="47.591" classname="Registration.ASP_reg"/>
</testsuite> <!-- Registration.ASP_reg -->
