<?xml version="1.0" encoding="UTF-8"?>
<!-- Generated by org.testng.reporters.JUnitReportReporter -->
<testsuite skipped="0" hostname="Shwetha" name="HI_TestCases.CrtSrvceReqst_BLS_custompickdest_Round" tests="1" failures="0" timestamp="30 Oct 2018 05:46:35 GMT" time="67.894" errors="0">
  <testcase name="HiFillPatientInformationBLSRoundTrip" time="67.894" classname="HI_TestCases.CrtSrvceReqst_BLS_custompickdest_Round"/>
</testsuite> <!-- HI_TestCases.CrtSrvceReqst_BLS_custompickdest_Round -->
