<?xml version="1.0" encoding="UTF-8"?>
<!-- Generated by org.testng.reporters.JUnitReportReporter -->
<testsuite skipped="0" hostname="Shwetha" name="HI_TestCases.CrtSrvceReqst_CCT_defaultpickcustomdest_Round" tests="1" failures="0" timestamp="30 Oct 2018 06:24:37 GMT" time="62.782" errors="0">
  <testcase name="HiFillPatientInformationCCTRoundTripdefaultpickcustomdest" time="62.782" classname="HI_TestCases.CrtSrvceReqst_CCT_defaultpickcustomdest_Round"/>
</testsuite> <!-- HI_TestCases.CrtSrvceReqst_CCT_defaultpickcustomdest_Round -->
