<?xml version="1.0" encoding="UTF-8"?>
<!-- Generated by org.testng.reporters.JUnitReportReporter -->
<testsuite skipped="0" hostname="Shwetha" name="Logins.Acuity_admin_login" tests="4" failures="0" timestamp="28 Aug 2018 06:33:13 GMT" time="39.409" errors="0">
  <testcase name="acuity" time="16.332" classname="Logins.Acuity_admin_login"/>
  <testcase name="acuityinvalid" time="3.503" classname="Logins.Acuity_admin_login"/>
  <testcase name="acuityinvalid1" time="10.739" classname="Logins.Acuity_admin_login"/>
  <testcase name="acuityinvalid2" time="8.835" classname="Logins.Acuity_admin_login"/>
</testsuite> <!-- Logins.Acuity_admin_login -->
