<?xml version="1.0" encoding="UTF-8"?>
<!-- Generated by org.testng.reporters.JUnitReportReporter -->
<testsuite skipped="0" hostname="Shwetha" name="HI_TestCases.Activate_Deactivate_Building" tests="1" failures="0" timestamp="29 Oct 2018 11:14:44 GMT" time="60.434" errors="0">
  <testcase name="HiDeactivateBuilding" time="60.434" classname="HI_TestCases.Activate_Deactivate_Building"/>
</testsuite> <!-- HI_TestCases.Activate_Deactivate_Building -->
