<?xml version="1.0" encoding="UTF-8"?>
<!-- Generated by org.testng.reporters.JUnitReportReporter -->
<testsuite skipped="0" hostname="Shwetha" name="HI_TestCases.ASP_OrderNumberAnd_EvenRotation" tests="1" failures="0" timestamp="31 Oct 2018 09:48:16 GMT" time="52.495" errors="0">
  <testcase name="OrderNumberEvenRotationSection" time="52.495" classname="HI_TestCases.ASP_OrderNumberAnd_EvenRotation"/>
</testsuite> <!-- HI_TestCases.ASP_OrderNumberAnd_EvenRotation -->
