<?xml version="1.0" encoding="UTF-8"?>
<!-- Generated by org.testng.reporters.JUnitReportReporter -->
<testsuite skipped="0" hostname="Shwetha" name="HI_TestCases.CrtSrvceReqst_BLS_defaultpickdest_Multi" tests="1" failures="0" timestamp="30 Oct 2018 06:02:35 GMT" time="284.348" errors="0">
  <testcase name="HiFillPatientInformationBLSDefaultMulti" time="284.348" classname="HI_TestCases.CrtSrvceReqst_BLS_defaultpickdest_Multi"/>
</testsuite> <!-- HI_TestCases.CrtSrvceReqst_BLS_defaultpickdest_Multi -->
