<?xml version="1.0" encoding="UTF-8"?>
<!-- Generated by org.testng.reporters.JUnitReportReporter -->
<testsuite skipped="0" hostname="Shwetha" name="HI_TestCases.Add_ASP_ExclusiveAmbSelection" tests="1" failures="0" timestamp="31 Oct 2018 09:48:16 GMT" time="53.630" errors="0">
  <testcase name="ExclusiveAmbulanceSection" time="53.630" classname="HI_TestCases.Add_ASP_ExclusiveAmbSelection"/>
</testsuite> <!-- HI_TestCases.Add_ASP_ExclusiveAmbSelection -->
