<?xml version="1.0" encoding="UTF-8"?>
<!-- Generated by org.testng.reporters.JUnitReportReporter -->
<testsuite skipped="0" hostname="Shwetha" name="HI_TestCases.CrtSrvceReqst_ALS_defaultpickdest_Multi" tests="1" failures="0" timestamp="30 Oct 2018 05:32:58 GMT" time="142.588" errors="0">
  <testcase name="HiFillPatientInformationALSDefaultMulti" time="142.588" classname="HI_TestCases.CrtSrvceReqst_ALS_defaultpickdest_Multi"/>
</testsuite> <!-- HI_TestCases.CrtSrvceReqst_ALS_defaultpickdest_Multi -->
