<?xml version="1.0" encoding="UTF-8"?>
<!-- Generated by org.testng.reporters.JUnitReportReporter -->
<testsuite skipped="0" hostname="Shwetha" name="HI_TestCases.CrtSrvceRqst_CCT_custompickdefaultdest_Multi" tests="1" failures="0" timestamp="30 Oct 2018 09:53:42 GMT" time="140.899" errors="0">
  <testcase name="HiFillPatientInformationCCTCustomAndDefaultMulti" time="140.899" classname="HI_TestCases.CrtSrvceRqst_CCT_custompickdefaultdest_Multi"/>
</testsuite> <!-- HI_TestCases.CrtSrvceRqst_CCT_custompickdefaultdest_Multi -->
