<?xml version="1.0" encoding="UTF-8"?>
<!-- Generated by org.testng.reporters.JUnitReportReporter -->
<testsuite skipped="0" hostname="Shwetha" name="HI_TestCases.ASPbutton_Check_AvailableAppropriateSection" tests="1" failures="0" timestamp="26 Oct 2018 09:56:06 GMT" time="54.314" errors="0">
  <testcase name="AvailableAppropriateASPSection" time="54.314" classname="HI_TestCases.ASPbutton_Check_AvailableAppropriateSection"/>
</testsuite> <!-- HI_TestCases.ASPbutton_Check_AvailableAppropriateSection -->
