<?xml version="1.0" encoding="UTF-8"?>
<!-- Generated by org.testng.reporters.JUnitReportReporter -->
<testsuite skipped="0" hostname="Shwetha" name="HI_TestCases.HI_Registration" tests="1" failures="0" timestamp="30 Oct 2018 11:44:09 GMT" time="34.768" errors="0">
  <testcase name="hireg" time="34.768" classname="HI_TestCases.HI_Registration"/>
</testsuite> <!-- HI_TestCases.HI_Registration -->
