<?xml version="1.0" encoding="UTF-8"?>
<!-- Generated by org.testng.reporters.JUnitReportReporter -->
<testsuite skipped="0" hostname="Shwetha" name="HI_TestCases.HI_Logout" tests="1" failures="0" timestamp="16 Oct 2018 12:32:38 GMT" time="0.008" errors="0">
  <testcase name="logout" time="0.008" classname="HI_TestCases.HI_Logout"/>
</testsuite> <!-- HI_TestCases.HI_Logout -->
