<?xml version="1.0" encoding="UTF-8"?>
<!-- Generated by org.testng.reporters.JUnitReportReporter -->
<testsuite skipped="0" hostname="Shwetha" name="HI_TestCases.Update_Profile_details" tests="1" failures="0" timestamp="29 Oct 2018 11:48:53 GMT" time="74.151" errors="0">
  <testcase name="HiEditProfileDetails" time="74.151" classname="HI_TestCases.Update_Profile_details"/>
</testsuite> <!-- HI_TestCases.Update_Profile_details -->
