<?xml version="1.0" encoding="UTF-8"?>
<!-- Generated by org.testng.reporters.JUnitReportReporter -->
<testsuite skipped="0" hostname="Shwetha" name="HI_TestCases.CrtSrvceReqst_CCT_custompickdefaultdest_Oneway" tests="1" failures="0" timestamp="30 Oct 2018 06:16:25 GMT" time="80.621" errors="0">
  <testcase name="HiFillPatientInformationCCTCustomAndDefault" time="80.621" classname="HI_TestCases.CrtSrvceReqst_CCT_custompickdefaultdest_Oneway"/>
</testsuite> <!-- HI_TestCases.CrtSrvceReqst_CCT_custompickdefaultdest_Oneway -->
