<?xml version="1.0" encoding="UTF-8"?>
<!-- Generated by org.testng.reporters.JUnitReportReporter -->
<testsuite skipped="0" hostname="Shwetha" name="HI_TestCases.CreateServiceReqst_WCT_defaultpickdest_Oneway" tests="1" failures="0" timestamp="29 Oct 2018 13:29:02 GMT" time="109.735" errors="0">
  <testcase name="HiFillPatientInformationWCT" time="109.735" classname="HI_TestCases.CreateServiceReqst_WCT_defaultpickdest_Oneway"/>
</testsuite> <!-- HI_TestCases.CreateServiceReqst_WCT_defaultpickdest_Oneway -->
