<?xml version="1.0" encoding="UTF-8"?>
<!-- Generated by org.testng.reporters.JUnitReportReporter -->
<testsuite skipped="0" hostname="Shwetha" name="HI_TestCases.CrtSrvceRqst_WCT_custompickdest_Multi" tests="1" failures="0" timestamp="30 Oct 2018 11:28:49 GMT" time="88.705" errors="0">
  <testcase name="HiFillPatientInformationWCTCustomMulti" time="88.705" classname="HI_TestCases.CrtSrvceRqst_WCT_custompickdest_Multi"/>
</testsuite> <!-- HI_TestCases.CrtSrvceRqst_WCT_custompickdest_Multi -->
