<?xml version="1.0" encoding="UTF-8"?>
<!-- Generated by org.testng.reporters.JUnitReportReporter -->
<testsuite skipped="0" hostname="Shwetha" name="HI_TestCases.Add_New_ASP" tests="1" failures="0" timestamp="31 Oct 2018 09:48:16 GMT" time="49.816" errors="0">
  <testcase name="AddNewAsp" time="49.816" classname="HI_TestCases.Add_New_ASP"/>
</testsuite> <!-- HI_TestCases.Add_New_ASP -->
