<?xml version="1.0" encoding="UTF-8"?>
<!-- Generated by org.testng.reporters.JUnitReportReporter -->
<testsuite skipped="0" hostname="Shwetha" name="HI_TestCases.ASP_Pagination" tests="1" failures="0" timestamp="29 Oct 2018 10:49:39 GMT" time="42.205" errors="0">
  <testcase name="Pagination" time="42.205" classname="HI_TestCases.ASP_Pagination"/>
</testsuite> <!-- HI_TestCases.ASP_Pagination -->
