<?xml version="1.0" encoding="UTF-8"?>
<!-- Generated by org.testng.reporters.JUnitReportReporter -->
<testsuite skipped="0" hostname="Shwetha" name="HI_TestCases.CrtSrvceReqst_BLS_custompickdefaultdest_Oneway" tests="1" failures="0" timestamp="30 Oct 2018 05:45:01 GMT" time="84.990" errors="0">
  <testcase name="HiFillPatientInformationBLSCustomAndDefault" time="84.990" classname="HI_TestCases.CrtSrvceReqst_BLS_custompickdefaultdest_Oneway"/>
</testsuite> <!-- HI_TestCases.CrtSrvceReqst_BLS_custompickdefaultdest_Oneway -->
