<?xml version="1.0" encoding="UTF-8"?>
<!-- Generated by org.testng.reporters.JUnitReportReporter -->
<testsuite skipped="0" hostname="Shwetha" name="HI_TestCases.CrtSrvceReqst_WCT_defaultpickcustomdest_Multi" tests="1" failures="0" timestamp="30 Oct 2018 06:44:21 GMT" time="97.626" errors="0">
  <testcase name="HiFillPatientInformationWCTDefaultAndCustomMulti" time="97.626" classname="HI_TestCases.CrtSrvceReqst_WCT_defaultpickcustomdest_Multi"/>
</testsuite> <!-- HI_TestCases.CrtSrvceReqst_WCT_defaultpickcustomdest_Multi -->
