<?xml version="1.0" encoding="UTF-8"?>
<!-- Generated by org.testng.reporters.JUnitReportReporter -->
<testsuite skipped="0" hostname="Shwetha" name="HI_TestCases.Add_ASP_CustomRotation" tests="1" failures="0" timestamp="26 Oct 2018 06:24:06 GMT" time="45.109" errors="0">
  <testcase name="CustomRotationSection" time="45.109" classname="HI_TestCases.Add_ASP_CustomRotation"/>
</testsuite> <!-- HI_TestCases.Add_ASP_CustomRotation -->
