<?xml version="1.0" encoding="UTF-8"?>
<!-- Generated by org.testng.reporters.JUnitReportReporter -->
<testsuite skipped="0" hostname="Shwetha" name="HI_TestCases.Profile_Change_Password" tests="1" failures="0" timestamp="29 Oct 2018 11:32:53 GMT" time="53.813" errors="0">
  <testcase name="HiChangePassword" time="53.813" classname="HI_TestCases.Profile_Change_Password"/>
</testsuite> <!-- HI_TestCases.Profile_Change_Password -->
