<?xml version="1.0" encoding="UTF-8"?>
<!-- Generated by org.testng.reporters.JUnitReportReporter -->
<testsuite skipped="0" hostname="Shwetha" name="HI_TestCases.CrtSrvceReqst_CCT_custompickdest_Round" tests="1" failures="0" timestamp="30 Oct 2018 06:19:53 GMT" time="69.031" errors="0">
  <testcase name="HiFillPatientInformationCCTRoundTrip" time="69.031" classname="HI_TestCases.CrtSrvceReqst_CCT_custompickdest_Round"/>
</testsuite> <!-- HI_TestCases.CrtSrvceReqst_CCT_custompickdest_Round -->
