<?xml version="1.0" encoding="UTF-8"?>
<!-- Generated by org.testng.reporters.JUnitReportReporter -->
<testsuite skipped="0" hostname="Shwetha" name="HI_TestCases.CrtSrvceRqst_CCT_custompickdefaultdest_Round" tests="1" failures="0" timestamp="30 Oct 2018 11:37:45 GMT" time="92.212" errors="0">
  <testcase name="HiFillPatientInformationCCTRoundcustompickdefaultdest" time="92.212" classname="HI_TestCases.CrtSrvceRqst_CCT_custompickdefaultdest_Round"/>
</testsuite> <!-- HI_TestCases.CrtSrvceRqst_CCT_custompickdefaultdest_Round -->
