<?xml version="1.0" encoding="UTF-8"?>
<!-- Generated by org.testng.reporters.JUnitReportReporter -->
<testsuite skipped="0" hostname="Shwetha" name="HI_TestCases.CreateServiceReqst_WCT_custompickdest_Oneway" tests="1" failures="0" timestamp="29 Oct 2018 13:24:52 GMT" time="80.586" errors="0">
  <testcase name="HiFillPatientInformationWCTCustom" time="80.586" classname="HI_TestCases.CreateServiceReqst_WCT_custompickdest_Oneway"/>
</testsuite> <!-- HI_TestCases.CreateServiceReqst_WCT_custompickdest_Oneway -->
