<?xml version="1.0" encoding="UTF-8"?>
<!-- Generated by org.testng.reporters.JUnitReportReporter -->
<testsuite skipped="0" hostname="Shwetha" name="HI_TestCases.Remove_ASP_ASPpage" tests="1" failures="0" timestamp="31 Oct 2018 07:19:42 GMT" time="10.195" errors="0">
  <testcase name="RemoveAsp" time="10.195" classname="HI_TestCases.Remove_ASP_ASPpage"/>
</testsuite> <!-- HI_TestCases.Remove_ASP_ASPpage -->
