<?xml version="1.0" encoding="UTF-8"?>
<!-- Generated by org.testng.reporters.JUnitReportReporter -->
<testsuite skipped="0" hostname="Shwetha" name="Logins.HI_login" tests="2" failures="0" timestamp="15 Oct 2018 13:59:09 GMT" time="69.792" errors="0">
  <testcase name="HiLogin" time="9.755" classname="Logins.HI_login"/>
  <testcase name="HiFillPatientInformationWCTRoundcustompickdefaultdest" time="60.037" classname="Logins.HI_login"/>
</testsuite> <!-- Logins.HI_login -->
