<?xml version="1.0" encoding="UTF-8"?>
<!-- Generated by org.testng.reporters.JUnitReportReporter -->
<testsuite skipped="0" hostname="Shwetha" name="HI_TestCases.CrtSrvceReqst_ALS_custompickdefaultdest_Oneway" tests="1" failures="0" timestamp="30 Oct 2018 05:15:53 GMT" time="106.943" errors="0">
  <testcase name="HiFillPatientInformationALSCustomAndDefault" time="106.943" classname="HI_TestCases.CrtSrvceReqst_ALS_custompickdefaultdest_Oneway"/>
</testsuite> <!-- HI_TestCases.CrtSrvceReqst_ALS_custompickdefaultdest_Oneway -->
