<?xml version="1.0" encoding="UTF-8"?>
<!-- Generated by org.testng.reporters.JUnitReportReporter -->
<testsuite skipped="0" hostname="Shwetha" name="HI_TestCases.CrtSrvceReqst_ALS_custompickdest_Round" tests="1" failures="0" timestamp="30 Oct 2018 05:18:39 GMT" time="142.584" errors="0">
  <testcase name="HiFillPatientInformationALSRoundTrip" time="142.584" classname="HI_TestCases.CrtSrvceReqst_ALS_custompickdest_Round"/>
</testsuite> <!-- HI_TestCases.CrtSrvceReqst_ALS_custompickdest_Round -->
