<?xml version="1.0" encoding="UTF-8"?>
<!-- Generated by org.testng.reporters.JUnitReportReporter -->
<testsuite skipped="0" hostname="Shwetha" name="HI_TestCases.CreateServiceReqst_ALS_custompickdest_Oneway" tests="1" failures="0" timestamp="31 Oct 2018 06:36:45 GMT" time="44.705" errors="0">
  <testcase name="HiFillPatientInformationALSCustom" time="44.705" classname="HI_TestCases.CreateServiceReqst_ALS_custompickdest_Oneway"/>
</testsuite> <!-- HI_TestCases.CreateServiceReqst_ALS_custompickdest_Oneway -->
