<?xml version="1.0" encoding="UTF-8"?>
<!-- Generated by org.testng.reporters.JUnitReportReporter -->
<testsuite skipped="0" hostname="Shwetha" name="HI_TestCases.HI_Login" tests="1" failures="0" timestamp="25 Oct 2018 05:55:00 GMT" time="14.173" errors="0">
  <testcase name="hiLogin" time="14.173" classname="HI_TestCases.HI_Login"/>
</testsuite> <!-- HI_TestCases.HI_Login -->
