<?xml version="1.0" encoding="UTF-8"?>
<!-- Generated by org.testng.reporters.JUnitReportReporter -->
<testsuite skipped="0" hostname="Shwetha" name="HI_TestCases.CrtSrvceRqst_ALS_custompickdefaultdest_Round" tests="1" failures="0" timestamp="30 Oct 2018 07:12:14 GMT" time="77.705" errors="0">
  <testcase name="HiFillPatientInformationALSRoundcustompickdefaultdest" time="77.705" classname="HI_TestCases.CrtSrvceRqst_ALS_custompickdefaultdest_Round"/>
</testsuite> <!-- HI_TestCases.CrtSrvceRqst_ALS_custompickdefaultdest_Round -->
