<?xml version="1.0" encoding="UTF-8"?>
<!-- Generated by org.testng.reporters.JUnitReportReporter -->
<testsuite skipped="0" hostname="Shwetha" name="HI_TestCases.CrtSrvceReqst_WCT_defaultpickcustomdest_Oneway" tests="1" failures="0" timestamp="30 Oct 2018 06:48:43 GMT" time="57.269" errors="0">
  <testcase name="HiFillPatientInformationWCTDefaultAndCustom" time="57.269" classname="HI_TestCases.CrtSrvceReqst_WCT_defaultpickcustomdest_Oneway"/>
</testsuite> <!-- HI_TestCases.CrtSrvceReqst_WCT_defaultpickcustomdest_Oneway -->
