<?xml version="1.0" encoding="UTF-8"?>
<!-- Generated by org.testng.reporters.JUnitReportReporter -->
<testsuite skipped="0" hostname="Shwetha" name="HI_TestCases.CrtSrvceRqst_BLS_defaultpickcustomdest_Multi" tests="1" failures="0" timestamp="30 Oct 2018 07:40:21 GMT" time="100.179" errors="0">
  <testcase name="HiFillPatientInformationBLSDefaultAndCustomMulti" time="100.179" classname="HI_TestCases.CrtSrvceRqst_BLS_defaultpickcustomdest_Multi"/>
</testsuite> <!-- HI_TestCases.CrtSrvceRqst_BLS_defaultpickcustomdest_Multi -->
