<?xml version="1.0" encoding="UTF-8"?>
<!-- Generated by org.testng.reporters.JUnitReportReporter -->
<testsuite skipped="0" hostname="Shwetha" name="HI_TestCases.CrtSrvceRqst_ALS_custompickdest_Multi" tests="1" failures="0" timestamp="30 Oct 2018 07:15:33 GMT" time="110.217" errors="0">
  <testcase name="HiFillPatientInformationALSCustomMulti" time="110.217" classname="HI_TestCases.CrtSrvceRqst_ALS_custompickdest_Multi"/>
</testsuite> <!-- HI_TestCases.CrtSrvceRqst_ALS_custompickdest_Multi -->
