<?xml version="1.0" encoding="UTF-8"?>
<!-- Generated by org.testng.reporters.JUnitReportReporter -->
<testsuite skipped="0" hostname="Shwetha" name="HI_TestCases.CrtSrvceRqst_WCT_custompickdefaultdest_Round" tests="1" failures="0" timestamp="30 Oct 2018 11:25:59 GMT" time="76.002" errors="0">
  <testcase name="HiFillPatientInformationWCTRoundcustompickdefaultdest" time="76.002" classname="HI_TestCases.CrtSrvceRqst_WCT_custompickdefaultdest_Round"/>
</testsuite> <!-- HI_TestCases.CrtSrvceRqst_WCT_custompickdefaultdest_Round -->
