<?xml version="1.0" encoding="UTF-8"?>
<!-- Generated by org.testng.reporters.JUnitReportReporter -->
<testsuite skipped="0" hostname="Shwetha" name="HI_TestCases.CrtSrvceRqst_CCT_defaultpickcustomdest_Oneway" tests="1" failures="0" timestamp="30 Oct 2018 11:09:54 GMT" time="66.800" errors="0">
  <testcase name="HiFillPatientInformationCCTDefaultAndCustom" time="66.800" classname="HI_TestCases.CrtSrvceRqst_CCT_defaultpickcustomdest_Oneway"/>
</testsuite> <!-- HI_TestCases.CrtSrvceRqst_CCT_defaultpickcustomdest_Oneway -->
