<?xml version="1.0" encoding="UTF-8"?>
<!-- Generated by org.testng.reporters.JUnitReportReporter -->
<testsuite skipped="0" hostname="Shwetha" name="HI_TestCases.CrtSrvceRqst_ALS_defaultpickcustomdest_Multi" tests="1" failures="0" timestamp="30 Oct 2018 07:17:46 GMT" time="81.710" errors="0">
  <testcase name="HiFillPatientInformationALSDefaultAndCustomMulti" time="81.710" classname="HI_TestCases.CrtSrvceRqst_ALS_defaultpickcustomdest_Multi"/>
</testsuite> <!-- HI_TestCases.CrtSrvceRqst_ALS_defaultpickcustomdest_Multi -->
