<?xml version="1.0" encoding="UTF-8"?>
<!-- Generated by org.testng.reporters.JUnitReportReporter -->
<testsuite skipped="0" hostname="Shwetha" name="HI_TestCases.ASP_Page" tests="1" failures="0" timestamp="25 Oct 2018 09:33:06 GMT" time="35.652" errors="0">
  <testcase name="VerifyAspPage" time="35.652" classname="HI_TestCases.ASP_Page"/>
</testsuite> <!-- HI_TestCases.ASP_Page -->
