<?xml version="1.0" encoding="UTF-8"?>
<!-- Generated by org.testng.reporters.JUnitReportReporter -->
<testsuite skipped="0" hostname="Shwetha" name="HI_TestCases.CrtSrvceReqst_CCT_defaultpickdest_Multi" tests="1" failures="0" timestamp="30 Oct 2018 06:27:44 GMT" time="128.333" errors="0">
  <testcase name="HiFillPatientInformationCCTDefaultMulti" time="128.333" classname="HI_TestCases.CrtSrvceReqst_CCT_defaultpickdest_Multi"/>
</testsuite> <!-- HI_TestCases.CrtSrvceReqst_CCT_defaultpickdest_Multi -->
