<?xml version="1.0" encoding="UTF-8"?>
<!-- Generated by org.testng.reporters.JUnitReportReporter -->
<testsuite skipped="0" hostname="Shwetha" name="Registration.HI_reg" tests="1" failures="0" timestamp="28 Aug 2018 07:36:34 GMT" time="27.240" errors="0">
  <testcase name="hireg" time="27.240" classname="Registration.HI_reg"/>
</testsuite> <!-- Registration.HI_reg -->
