<?xml version="1.0" encoding="UTF-8"?>
<!-- Generated by org.testng.reporters.JUnitReportReporter -->
<testsuite skipped="0" hostname="Shwetha" name="HI_TestCases.CreateServiceReqst_ALS_defaultpickdest_Oneway" tests="1" failures="0" timestamp="30 Oct 2018 13:10:58 GMT" time="79.008" errors="0">
  <testcase name="HiCreateServiceRequest" time="79.008" classname="HI_TestCases.CreateServiceReqst_ALS_defaultpickdest_Oneway"/>
</testsuite> <!-- HI_TestCases.CreateServiceReqst_ALS_defaultpickdest_Oneway -->
