<?xml version="1.0" encoding="UTF-8"?>
<!-- Generated by org.testng.reporters.JUnitReportReporter -->
<testsuite skipped="0" hostname="Shwetha" name="HI_TestCases.Profile_Image_Upload" tests="1" failures="0" timestamp="16 Oct 2018 12:31:41 GMT" time="0.011" errors="0">
  <testcase name="HiUploadPicInProfile" time="0.011" classname="HI_TestCases.Profile_Image_Upload"/>
</testsuite> <!-- HI_TestCases.Profile_Image_Upload -->
