<?xml version="1.0" encoding="UTF-8"?>
<!-- Generated by org.testng.reporters.JUnitReportReporter -->
<testsuite skipped="0" hostname="Shwetha" name="HI_TestCases.Edit_Building_Block" tests="1" failures="0" timestamp="29 Oct 2018 11:42:21 GMT" time="103.653" errors="0">
  <testcase name="HiEditBuildingLocation" time="103.653" classname="HI_TestCases.Edit_Building_Block"/>
</testsuite> <!-- HI_TestCases.Edit_Building_Block -->
