<?xml version="1.0" encoding="UTF-8"?>
<!-- Generated by org.testng.reporters.JUnitReportReporter -->
<testsuite skipped="0" hostname="Shwetha" name="HI_TestCases.CrtSrvceReqst_BLS_defaultpickcustomdest_Oneway" tests="1" failures="0" timestamp="30 Oct 2018 05:47:56 GMT" time="72.352" errors="0">
  <testcase name="HiFillPatientInformationBLSDefaultAndCustom" time="72.352" classname="HI_TestCases.CrtSrvceReqst_BLS_defaultpickcustomdest_Oneway"/>
</testsuite> <!-- HI_TestCases.CrtSrvceReqst_BLS_defaultpickcustomdest_Oneway -->
