<?xml version="1.0" encoding="UTF-8"?>
<!-- Generated by org.testng.reporters.JUnitReportReporter -->
<testsuite skipped="0" hostname="Shwetha" name="HI_TestCases.CrtSrvceRqst_ALS_defaultpickdest_Round" tests="1" failures="0" timestamp="30 Oct 2018 07:20:57 GMT" time="70.737" errors="0">
  <testcase name="HiFillPatientInformationALSRoundTrip" time="70.737" classname="HI_TestCases.CrtSrvceRqst_ALS_defaultpickdest_Round"/>
</testsuite> <!-- HI_TestCases.CrtSrvceRqst_ALS_defaultpickdest_Round -->
