<?xml version="1.0" encoding="UTF-8"?>
<!-- Generated by org.testng.reporters.JUnitReportReporter -->
<testsuite skipped="0" hostname="Shwetha" name="HI_TestCases.CrtSrvceRqst_CCT_custompickdest_Multi" tests="1" failures="0" timestamp="30 Oct 2018 10:47:52 GMT" time="103.000" errors="0">
  <testcase name="HiFillPatientInformationCCTCustomMulti" time="103.000" classname="HI_TestCases.CrtSrvceRqst_CCT_custompickdest_Multi"/>
</testsuite> <!-- HI_TestCases.CrtSrvceRqst_CCT_custompickdest_Multi -->
