<?xml version="1.0" encoding="UTF-8"?>
<!-- Generated by org.testng.reporters.JUnitReportReporter -->
<testsuite skipped="0" hostname="Shwetha" name="HI_TestCases.Existing_ASP" tests="1" failures="0" timestamp="31 Oct 2018 07:02:42 GMT" time="60.372" errors="0">
  <testcase name="AddExistingAsp" time="60.372" classname="HI_TestCases.Existing_ASP"/>
</testsuite> <!-- HI_TestCases.Existing_ASP -->
