<?xml version="1.0" encoding="UTF-8"?>
<!-- Generated by org.testng.reporters.JUnitReportReporter -->
<testsuite skipped="0" hostname="Shwetha" name="HI_TestCases.CrtSrvceRqst_WCT_defaultpickdest_Round" tests="1" failures="0" timestamp="30 Oct 2018 11:35:13 GMT" time="75.487" errors="0">
  <testcase name="HiFillPatientInformationWCTRoundTrip" time="75.487" classname="HI_TestCases.CrtSrvceRqst_WCT_defaultpickdest_Round"/>
</testsuite> <!-- HI_TestCases.CrtSrvceRqst_WCT_defaultpickdest_Round -->
