<?xml version="1.0" encoding="UTF-8"?>
<!-- Generated by org.testng.reporters.JUnitReportReporter -->
<testsuite skipped="0" hostname="Shwetha" name="HI_TestCases.CrtSrvceReqst_ALS_defaultpickcustomdest_Round" tests="1" failures="0" timestamp="30 Oct 2018 05:27:15 GMT" time="82.182" errors="0">
  <testcase name="HiFillPatientInformationALSRoundTripdefaultpickcustomdest" time="82.182" classname="HI_TestCases.CrtSrvceReqst_ALS_defaultpickcustomdest_Round"/>
</testsuite> <!-- HI_TestCases.CrtSrvceReqst_ALS_defaultpickcustomdest_Round -->
