<?xml version="1.0" encoding="UTF-8"?>
<!-- Generated by org.testng.reporters.JUnitReportReporter -->
<testsuite skipped="0" hostname="Shwetha" name="HI_TestCases.CreateServiceReqst_BLS_defaultpickdest_Oneway" tests="1" failures="0" timestamp="30 Oct 2018 13:40:50 GMT" time="67.940" errors="0">
  <testcase name="HiFillPatientInformationBLS" time="67.940" classname="HI_TestCases.CreateServiceReqst_BLS_defaultpickdest_Oneway"/>
</testsuite> <!-- HI_TestCases.CreateServiceReqst_BLS_defaultpickdest_Oneway -->
