<?xml version="1.0" encoding="UTF-8"?>
<!-- Generated by org.testng.reporters.JUnitReportReporter -->
<testsuite skipped="0" hostname="Shwetha" name="HI_TestCases.CreateServiceReqst_BLS_custompickdest_Oneway" tests="1" failures="0" timestamp="30 Oct 2018 13:02:58 GMT" time="46.650" errors="0">
  <testcase name="HiFillPatientInformationBLSCustom" time="46.650" classname="HI_TestCases.CreateServiceReqst_BLS_custompickdest_Oneway"/>
</testsuite> <!-- HI_TestCases.CreateServiceReqst_BLS_custompickdest_Oneway -->
