<?xml version="1.0" encoding="UTF-8"?>
<!-- Generated by org.testng.reporters.JUnitReportReporter -->
<testsuite skipped="0" hostname="Shwetha" name="HI_TestCases.CrtSrvceRqst_BLS_custompickdefaultdest_Round" tests="1" failures="0" timestamp="30 Oct 2018 07:31:14 GMT" time="76.732" errors="0">
  <testcase name="HiFillPatientInformationBLSRoundcustompickdefaultdest" time="76.732" classname="HI_TestCases.CrtSrvceRqst_BLS_custompickdefaultdest_Round"/>
</testsuite> <!-- HI_TestCases.CrtSrvceRqst_BLS_custompickdefaultdest_Round -->
