<?xml version="1.0" encoding="UTF-8"?>
<!-- Generated by org.testng.reporters.JUnitReportReporter -->
<testsuite skipped="0" hostname="Shwetha" name="HI_TestCases.CrtSrvceReqst_WCT_defaultpickcustomdest_Round" tests="1" failures="0" timestamp="30 Oct 2018 06:49:54 GMT" time="54.660" errors="0">
  <testcase name="HiFillPatientInformationWCTRoundTripdefaultpickcustomdest" time="54.660" classname="HI_TestCases.CrtSrvceReqst_WCT_defaultpickcustomdest_Round"/>
</testsuite> <!-- HI_TestCases.CrtSrvceReqst_WCT_defaultpickcustomdest_Round -->
