<?xml version="1.0" encoding="UTF-8"?>
<!-- Generated by org.testng.reporters.JUnitReportReporter -->
<testsuite skipped="0" hostname="Shwetha" name="HI_TestCases.CreateServiceReqst_CCT_defaultpickdest_Oneway" tests="1" failures="0" timestamp="30 Oct 2018 13:02:58 GMT" time="72.263" errors="0">
  <testcase name="HiFillPatientInformationCCT" time="72.263" classname="HI_TestCases.CreateServiceReqst_CCT_defaultpickdest_Oneway"/>
</testsuite> <!-- HI_TestCases.CreateServiceReqst_CCT_defaultpickdest_Oneway -->
