<?xml version="1.0" encoding="UTF-8"?>
<!-- Generated by org.testng.reporters.JUnitReportReporter -->
<testsuite skipped="0" hostname="Shwetha" name="HI_TestCases.Check_Addbuilding_Backbutton_Functionality" tests="1" failures="0" timestamp="29 Oct 2018 11:38:58 GMT" time="95.846" errors="0">
  <testcase name="HIProfileAddBuildingLocation" time="95.846" classname="HI_TestCases.Check_Addbuilding_Backbutton_Functionality"/>
</testsuite> <!-- HI_TestCases.Check_Addbuilding_Backbutton_Functionality -->
