<?xml version="1.0" encoding="UTF-8"?>
<!-- Generated by org.testng.reporters.JUnitReportReporter -->
<testsuite skipped="0" hostname="Shwetha" name="HI_TestCases.CreateServiceReqst_CCT_custompickdest_Oneway" tests="1" failures="0" timestamp="30 Oct 2018 13:40:50 GMT" time="81.430" errors="0">
  <testcase name="HiFillPatientInformationCCTCustom" time="81.430" classname="HI_TestCases.CreateServiceReqst_CCT_custompickdest_Oneway"/>
</testsuite> <!-- HI_TestCases.CreateServiceReqst_CCT_custompickdest_Oneway -->
