<?xml version="1.0" encoding="UTF-8"?>
<!-- Generated by org.testng.reporters.JUnitReportReporter -->
<testsuite skipped="0" hostname="Shwetha" name="HI_TestCases.Profile_Addbuliding_clickable" tests="1" failures="0" timestamp="29 Oct 2018 11:14:44 GMT" time="51.134" errors="0">
  <testcase name="HIProfileAddBuildingButtonCheck" time="51.134" classname="HI_TestCases.Profile_Addbuliding_clickable"/>
</testsuite> <!-- HI_TestCases.Profile_Addbuliding_clickable -->
