<?xml version="1.0" encoding="UTF-8"?>
<!-- Generated by org.testng.reporters.JUnitReportReporter -->
<testsuite skipped="0" hostname="Shwetha" name="HI_TestCases.Pages_Clickable_BuildinglistPage" tests="1" failures="0" timestamp="31 Oct 2018 07:02:42 GMT" time="43.060" errors="0">
  <testcase name="HiBuildingPagination" time="43.060" classname="HI_TestCases.Pages_Clickable_BuildinglistPage"/>
</testsuite> <!-- HI_TestCases.Pages_Clickable_BuildinglistPage -->
