<?xml version="1.0" encoding="UTF-8"?>
<!-- Generated by org.testng.reporters.JUnitReportReporter -->
<testsuite skipped="0" hostname="Shwetha" name="HI_TestCases.Display_Selectionlogic" tests="1" failures="0" timestamp="26 Oct 2018 05:53:45 GMT" time="32.074" errors="0">
  <testcase name="VerifySelectionLogicPage" time="32.074" classname="HI_TestCases.Display_Selectionlogic"/>
</testsuite> <!-- HI_TestCases.Display_Selectionlogic -->
