<?xml version="1.0" encoding="UTF-8"?>
<!-- Generated by org.testng.reporters.JUnitReportReporter -->
<testsuite skipped="0" hostname="Shwetha" name="HI_TestCases.CrtSrvceReqst_ALS_defaultpickcustomdest_Oneway" tests="1" failures="0" timestamp="30 Oct 2018 05:21:11 GMT" time="70.195" errors="0">
  <testcase name="HiFillPatientInformationALSDefaultAndCustom" time="70.195" classname="HI_TestCases.CrtSrvceReqst_ALS_defaultpickcustomdest_Oneway"/>
</testsuite> <!-- HI_TestCases.CrtSrvceReqst_ALS_defaultpickcustomdest_Oneway -->
