<?xml version="1.0" encoding="UTF-8"?>
<!-- Generated by org.testng.reporters.JUnitReportReporter -->
<testsuite skipped="0" hostname="Shwetha" name="HI_TestCases.CrtSrvceRqst_BLS_custompickdefaultdest_Multi" tests="1" failures="0" timestamp="30 Oct 2018 07:25:24 GMT" time="137.974" errors="0">
  <testcase name="HiFillPatientInformationBLSCustomAndDefaultMulti" time="137.974" classname="HI_TestCases.CrtSrvceRqst_BLS_custompickdefaultdest_Multi"/>
</testsuite> <!-- HI_TestCases.CrtSrvceRqst_BLS_custompickdefaultdest_Multi -->
