<?xml version="1.0" encoding="UTF-8"?>
<!-- Generated by org.testng.reporters.JUnitReportReporter -->
<testsuite skipped="0" hostname="Shwetha" name="HI_TestCases.CrtSrvceRqst_BLS_defaultpickdest_Round" tests="1" failures="0" timestamp="30 Oct 2018 09:37:24 GMT" time="87.530" errors="0">
  <testcase name="HiFillPatientInformationBLSRoundTrip" time="87.530" classname="HI_TestCases.CrtSrvceRqst_BLS_defaultpickdest_Round"/>
</testsuite> <!-- HI_TestCases.CrtSrvceRqst_BLS_defaultpickdest_Round -->
