<?xml version="1.0" encoding="UTF-8"?>
<!-- Generated by org.testng.reporters.JUnitReportReporter -->
<testsuite skipped="0" hostname="Shwetha" name="HI_TestCases.CrtSrvceRqst_BLS_custompickdest_Multi" tests="1" failures="0" timestamp="30 Oct 2018 07:36:27 GMT" time="106.594" errors="0">
  <testcase name="HiFillPatientInformationBLSCustomMulti" time="106.594" classname="HI_TestCases.CrtSrvceRqst_BLS_custompickdest_Multi"/>
</testsuite> <!-- HI_TestCases.CrtSrvceRqst_BLS_custompickdest_Multi -->
