<?xml version="1.0" encoding="UTF-8"?>
<!-- Generated by org.testng.reporters.JUnitReportReporter -->
<testsuite skipped="0" hostname="Shwetha" name="Logins.ASP_login" tests="1" failures="0" timestamp="23 Aug 2018 08:03:25 GMT" time="22.672" errors="0">
  <testcase name="asp" time="22.672" classname="Logins.ASP_login"/>
</testsuite> <!-- Logins.ASP_login -->
