<?xml version="1.0" encoding="UTF-8"?>
<!-- Generated by org.testng.reporters.JUnitReportReporter -->
<testsuite skipped="0" hostname="Shwetha" name="HI_TestCases.CrtSrvceReqst_CCT_defaultpickcustomdest_Multi" tests="1" failures="0" timestamp="30 Oct 2018 06:22:29 GMT" time="101.614" errors="0">
  <testcase name="HiFillPatientInformationCCTDefaultAndCustomMulti" time="101.614" classname="HI_TestCases.CrtSrvceReqst_CCT_defaultpickcustomdest_Multi"/>
</testsuite> <!-- HI_TestCases.CrtSrvceReqst_CCT_defaultpickcustomdest_Multi -->
